[1.217s] Invoking command in '/home/mcr2/ros2_ws/src/basic_comms_params': PYTHONPATH=/home/mcr2/ros2_ws/src/build/basic_comms_params/prefix_override:/home/mcr2/ros2_ws/src/install/basic_comms_params/lib/python3.10/site-packages:${PYTHONPATH} /usr/bin/python3 setup.py egg_info --egg-base ../build/basic_comms_params build --build-base /home/mcr2/ros2_ws/src/build/basic_comms_params/build install --record /home/mcr2/ros2_ws/src/build/basic_comms_params/install.log --single-version-externally-managed
[1.499s] running egg_info
[1.500s] creating ../build/basic_comms_params/basic_comms_params.egg-info
[1.501s] writing ../build/basic_comms_params/basic_comms_params.egg-info/PKG-INFO
[1.502s] writing dependency_links to ../build/basic_comms_params/basic_comms_params.egg-info/dependency_links.txt
[1.502s] writing entry points to ../build/basic_comms_params/basic_comms_params.egg-info/entry_points.txt
[1.502s] writing requirements to ../build/basic_comms_params/basic_comms_params.egg-info/requires.txt
[1.502s] writing top-level names to ../build/basic_comms_params/basic_comms_params.egg-info/top_level.txt
[1.502s] writing manifest file '../build/basic_comms_params/basic_comms_params.egg-info/SOURCES.txt'
[1.502s] reading manifest file '../build/basic_comms_params/basic_comms_params.egg-info/SOURCES.txt'
[1.502s] adding license file 'LICENSE'
[1.503s] writing manifest file '../build/basic_comms_params/basic_comms_params.egg-info/SOURCES.txt'
[1.504s] running build
[1.504s] running build_py
[1.504s] creating /home/mcr2/ros2_ws/src/build/basic_comms_params/build
[1.504s] creating /home/mcr2/ros2_ws/src/build/basic_comms_params/build/lib
[1.504s] creating /home/mcr2/ros2_ws/src/build/basic_comms_params/build/lib/basic_comms_params
[1.504s] copying basic_comms_params/talker_params.py -> /home/mcr2/ros2_ws/src/build/basic_comms_params/build/lib/basic_comms_params
[1.505s] copying basic_comms_params/__init__.py -> /home/mcr2/ros2_ws/src/build/basic_comms_params/build/lib/basic_comms_params
[1.505s] /usr/lib/python3/dist-packages/setuptools/command/install.py:34: SetuptoolsDeprecationWarning: setup.py install is deprecated. Use build and pip and other standards-based tools.
[1.505s]   warnings.warn(
[1.505s] running install
[1.505s] running install_lib
[1.506s] creating /home/mcr2/ros2_ws/src/install/basic_comms_params/lib/python3.10/site-packages/basic_comms_params
[1.506s] copying /home/mcr2/ros2_ws/src/build/basic_comms_params/build/lib/basic_comms_params/talker_params.py -> /home/mcr2/ros2_ws/src/install/basic_comms_params/lib/python3.10/site-packages/basic_comms_params
[1.506s] copying /home/mcr2/ros2_ws/src/build/basic_comms_params/build/lib/basic_comms_params/__init__.py -> /home/mcr2/ros2_ws/src/install/basic_comms_params/lib/python3.10/site-packages/basic_comms_params
[1.506s] byte-compiling /home/mcr2/ros2_ws/src/install/basic_comms_params/lib/python3.10/site-packages/basic_comms_params/talker_params.py to talker_params.cpython-310.pyc
[1.507s] byte-compiling /home/mcr2/ros2_ws/src/install/basic_comms_params/lib/python3.10/site-packages/basic_comms_params/__init__.py to __init__.cpython-310.pyc
[1.507s] running install_data
[1.508s] creating /home/mcr2/ros2_ws/src/install/basic_comms_params/share/ament_index
[1.508s] creating /home/mcr2/ros2_ws/src/install/basic_comms_params/share/ament_index/resource_index
[1.508s] creating /home/mcr2/ros2_ws/src/install/basic_comms_params/share/ament_index/resource_index/packages
[1.508s] copying resource/basic_comms_params -> /home/mcr2/ros2_ws/src/install/basic_comms_params/share/ament_index/resource_index/packages
[1.508s] copying package.xml -> /home/mcr2/ros2_ws/src/install/basic_comms_params/share/basic_comms_params
[1.508s] running install_egg_info
[1.510s] Copying ../build/basic_comms_params/basic_comms_params.egg-info to /home/mcr2/ros2_ws/src/install/basic_comms_params/lib/python3.10/site-packages/basic_comms_params-0.0.0-py3.10.egg-info
[1.511s] running install_scripts
[1.536s] Installing talker_params script to /home/mcr2/ros2_ws/src/install/basic_comms_params/lib/basic_comms_params
[1.537s] writing list of installed files to '/home/mcr2/ros2_ws/src/build/basic_comms_params/install.log'
[1.568s] Invoked command in '/home/mcr2/ros2_ws/src/basic_comms_params' returned '0': PYTHONPATH=/home/mcr2/ros2_ws/src/build/basic_comms_params/prefix_override:/home/mcr2/ros2_ws/src/install/basic_comms_params/lib/python3.10/site-packages:${PYTHONPATH} /usr/bin/python3 setup.py egg_info --egg-base ../build/basic_comms_params build --build-base /home/mcr2/ros2_ws/src/build/basic_comms_params/build install --record /home/mcr2/ros2_ws/src/build/basic_comms_params/install.log --single-version-externally-managed
